Determining if the C compiler works failed with the following output:
Change Dir: D:/Libraries/workspace/cpp-asteroids/include/protobuf-3.4.1/cmake/build/release/CMakeFiles/CMakeTmp

Run Build Command:"nmake" "/NOLOGO" "cmTC_7bbeb\fast"
	"C:\Program Files (x86)\Microsoft Visual Studio 14.0\VC\BIN\amd64\nmake.exe" -f CMakeFiles\cmTC_7bbeb.dir\build.make /nologo -L                  CMakeFiles\cmTC_7bbeb.dir\build
Building C object CMakeFiles/cmTC_7bbeb.dir/testCCompiler.c.obj
	C:\PROGRA~2\MICROS~1.0\VC\bin\amd64\cl.exe @C:\Users\Cole\AppData\Local\Temp\nm80D3.tmp
testCCompiler.c
Linking C executable cmTC_7bbeb.exe
	"C:\Program Files\CMake\bin\cmake.exe" -E vs_link_exe --intdir=CMakeFiles\cmTC_7bbeb.dir --manifests  -- C:\PROGRA~2\MICROS~1.0\VC\bin\amd64\link.exe /nologo @CMakeFiles\cmTC_7bbeb.dir\objects1.rsp @C:\Users\Cole\AppData\Local\Temp\nm8122.tmp
RC Pass 1 failed to run.
NMAKE : fatal error U1077: '"C:\Program Files\CMake\bin\cmake.exe"' : return code '0xffffffff'
Stop.
NMAKE : fatal error U1077: '"C:\Program Files (x86)\Microsoft Visual Studio 14.0\VC\BIN\amd64\nmake.exe"' : return code '0x2'
Stop.


Determining if the include file pthread.h exists failed with the following output:
Change Dir: D:/Libraries/workspace/cpp-asteroids/include/protobuf-3.4.1/cmake/build/release/CMakeFiles/CMakeTmp

Run Build Command:"nmake" "/NOLOGO" "cmTC_4f0e8\fast"
	"C:\Program Files (x86)\Microsoft Visual Studio\2017\Community\VC\Tools\MSVC\14.10.25017\bin\HostX64\x64\nmake.exe" -f CMakeFiles\cmTC_4f0e8.dir\build.make /nologo -L                  CMakeFiles\cmTC_4f0e8.dir\build
Building C object CMakeFiles/cmTC_4f0e8.dir/CheckIncludeFile.c.obj
	C:\PROGRA~2\MICROS~1.0\VC\bin\amd64\cl.exe @C:\Users\Cole\AppData\Local\Temp\nmE8EA.tmp
CheckIncludeFile.c
D:\Libraries\workspace\cpp-asteroids\include\protobuf-3.4.1\cmake\build\release\CMakeFiles\CMakeTmp\CheckIncludeFile.c(1): fatal error C1083: Cannot open include file: 'pthread.h': No such file or directory
NMAKE : fatal error U1077: 'C:\PROGRA~2\MICROS~1.0\VC\bin\amd64\cl.exe' : return code '0x2'
Stop.
NMAKE : fatal error U1077: '"C:\Program Files (x86)\Microsoft Visual Studio\2017\Community\VC\Tools\MSVC\14.10.25017\bin\HostX64\x64\nmake.exe"' : return code '0x2'
Stop.


